<?xml version="1.0" encoding="UTF-8"?>
<!-- Generated by org.testng.reporters.JUnitReportReporter -->
<testsuite hostname="DESKTOP-N183VVB" failures="0" tests="1" name="tutorialsNinja.Register.TC_RF_004" time="10.003" errors="0" timestamp="2024-11-15T23:28:58 IST" skipped="0">
  <testcase classname="tutorialsNinja.Register.TC_RF_004" name="verifyProperNotificationmsg" time="10.003"/>
</testsuite> <!-- tutorialsNinja.Register.TC_RF_004 -->
