<?xml version="1.0" encoding="UTF-8"?>
<!-- Generated by org.testng.reporters.JUnitReportReporter -->
<testsuite hostname="DESKTOP-N183VVB" failures="0" tests="1" name="tutorialsNinja.Register.TC_RF_001" time="18.837" errors="0" timestamp="2024-11-12T12:23:02 IST" skipped="0">
  <testcase classname="tutorialsNinja.Register.TC_RF_001" name="verifyRegisteringwithMandatoryfields" time="18.837"/>
</testsuite> <!-- tutorialsNinja.Register.TC_RF_001 -->
