<?xml version="1.0" encoding="UTF-8"?>
<!-- Generated by org.testng.reporters.JUnitReportReporter -->
<testsuite hostname="DESKTOP-N183VVB" failures="0" tests="1" name="tutorialsNinja.Register.TC_RF_005" time="13.507" errors="0" timestamp="2024-11-17T14:42:33 IST" skipped="0">
  <testcase classname="tutorialsNinja.Register.TC_RF_005" name="verifyNewsletterOptions" time="13.507"/>
</testsuite> <!-- tutorialsNinja.Register.TC_RF_005 -->
